<?xml version="1.0" encoding="UTF-8"?>
<robot generator="Robot 6.1.1 (Python 3.12.0 on win32)" generated="20231205 10:01:34.331" rpa="false" schemaversion="4">
<suite id="s1" name="searchRossy" source="C:\Users\yesdok\Desktop\Sanber51\Sanber51-MobileQA-Kelompok8\suitesRossy\searchRossy.robot">
<test id="s1-t1" name="Search Valid Booking ID" line="11">
<kw name="Open Flight Application" library="base">
<kw name="Open Application" library="AppiumLibrary">
<arg>remote_url=${remote_url}</arg>
<arg>platformName=${platformName}</arg>
<arg>platformVersion=${platformVersion}</arg>
<arg>deviceName=${deviceName}</arg>
<arg>udid=${udid}</arg>
<arg>appPackage=${appPackage}</arg>
<arg>appActivity=${appActivity}</arg>
<doc>Opens a new application to given Appium server.
Capabilities of appium server, Android and iOS,
Please check https://github.com/appium/appium/blob/master/docs/en/writing-running-appium/server-args.md
| *Option*            | *Man.* | *Description*     |
| remote_url          | Yes    | Appium server url |
| alias               | no     | alias             |
| strict_ssl          | No     | allows you to send commands to an invalid certificate host like a self-signed one. |</doc>
<status status="PASS" starttime="20231205 10:01:34.705" endtime="20231205 10:01:49.896"/>
</kw>
<status status="PASS" starttime="20231205 10:01:34.705" endtime="20231205 10:01:49.896"/>
</kw>
<kw name="Click Sign In button on Homepage" library="searchTaskRossy">
<kw name="Click Element" library="AppiumLibrary">
<arg>${sign-in-button}</arg>
<doc>Click element identified by `locator`.</doc>
<msg timestamp="20231205 10:01:49.902" level="INFO">Clicking element '//android.widget.Button[@resource-id="com.example.myapplication:id/login"]'.</msg>
<msg timestamp="20231205 10:01:51.841" level="INFO">xpath criteria: //android.widget.Button[@resource-id="com.example.myapplication:id/login"]</msg>
<status status="PASS" starttime="20231205 10:01:49.898" endtime="20231205 10:01:51.841"/>
</kw>
<status status="PASS" starttime="20231205 10:01:49.897" endtime="20231205 10:01:51.841"/>
</kw>
<kw name="Input Valid Username" library="searchTaskRossy">
<arg>${username}</arg>
<kw name="Wait Until Element Is Visible" library="AppiumLibrary">
<arg>${username-input}</arg>
<doc>Waits until element specified with `locator` is visible.</doc>
<msg timestamp="20231205 10:01:53.488" level="INFO">xpath criteria: //android.widget.EditText[@resource-id="com.example.myapplication:id/username"]
xpath criteria: //android.widget.EditText[@resource-id="com.example.myapplication:id/username"]</msg>
<status status="PASS" starttime="20231205 10:01:51.843" endtime="20231205 10:01:53.488"/>
</kw>
<kw name="Input Text" library="AppiumLibrary">
<arg>${username-input}</arg>
<arg>${username}</arg>
<doc>Types the given `text` into text field identified by `locator`.</doc>
<msg timestamp="20231205 10:01:53.492" level="INFO">Typing text 'support@ngendigital.com' into text field '//android.widget.EditText[@resource-id="com.example.myapplication:id/username"]'</msg>
<msg timestamp="20231205 10:01:53.705" level="INFO">xpath criteria: //android.widget.EditText[@resource-id="com.example.myapplication:id/username"]</msg>
<status status="PASS" starttime="20231205 10:01:53.489" endtime="20231205 10:01:53.705"/>
</kw>
<status status="PASS" starttime="20231205 10:01:51.843" endtime="20231205 10:01:53.705"/>
</kw>
<kw name="Input Valid Password" library="searchTaskRossy">
<arg>${password}</arg>
<kw name="Wait Until Element Is Visible" library="AppiumLibrary">
<arg>${password-input}</arg>
<doc>Waits until element specified with `locator` is visible.</doc>
<msg timestamp="20231205 10:01:54.209" level="INFO">xpath criteria: //android.widget.EditText[@resource-id="com.example.myapplication:id/password"]</msg>
<status status="PASS" starttime="20231205 10:01:53.708" endtime="20231205 10:01:54.209"/>
</kw>
<kw name="Input Text" library="AppiumLibrary">
<arg>${password-input}</arg>
<arg>${password}</arg>
<doc>Types the given `text` into text field identified by `locator`.</doc>
<msg timestamp="20231205 10:01:54.213" level="INFO">Typing text 'abc123' into text field '//android.widget.EditText[@resource-id="com.example.myapplication:id/password"]'</msg>
<msg timestamp="20231205 10:01:54.445" level="INFO">xpath criteria: //android.widget.EditText[@resource-id="com.example.myapplication:id/password"]</msg>
<status status="PASS" starttime="20231205 10:01:54.209" endtime="20231205 10:01:54.445"/>
</kw>
<status status="PASS" starttime="20231205 10:01:53.707" endtime="20231205 10:01:54.445"/>
</kw>
<kw name="Click Sign In button on Login Page" library="searchTaskRossy">
<kw name="Click Element" library="AppiumLibrary">
<arg>${user-start-signin}</arg>
<doc>Click element identified by `locator`.</doc>
<msg timestamp="20231205 10:01:54.450" level="INFO">Clicking element '//android.widget.Button[@resource-id="com.example.myapplication:id/signIn"]'.</msg>
<msg timestamp="20231205 10:01:55.175" level="INFO">xpath criteria: //android.widget.Button[@resource-id="com.example.myapplication:id/signIn"]</msg>
<status status="PASS" starttime="20231205 10:01:54.446" endtime="20231205 10:01:55.175"/>
</kw>
<status status="PASS" starttime="20231205 10:01:54.446" endtime="20231205 10:01:55.175"/>
</kw>
<kw name="Click Button Search" library="searchTaskRossy">
<kw name="Sleep" library="BuiltIn">
<arg>5s</arg>
<doc>Pauses the test executed for the given time.</doc>
<msg timestamp="20231205 10:02:00.177" level="INFO">Slept 5 seconds</msg>
<status status="PASS" starttime="20231205 10:01:55.176" endtime="20231205 10:02:00.177"/>
</kw>
<kw name="Click Element" library="AppiumLibrary">
<arg>${search-button}</arg>
<doc>Click element identified by `locator`.</doc>
<msg timestamp="20231205 10:02:00.180" level="INFO">Clicking element 'com.example.myapplication:id/search_flight'.</msg>
<msg timestamp="20231205 10:02:00.321" level="INFO">criteria is com.example.myapplication:id/search_flight</msg>
<status status="PASS" starttime="20231205 10:02:00.177" endtime="20231205 10:02:00.321"/>
</kw>
<status status="PASS" starttime="20231205 10:01:55.176" endtime="20231205 10:02:00.321"/>
</kw>
<kw name="Search Booking ID" library="searchTaskRossy">
<arg>${valid-bookingId}</arg>
<kw name="Wait Until Element Is Visible" library="AppiumLibrary">
<arg>${valid-bookingId-input}</arg>
<doc>Waits until element specified with `locator` is visible.</doc>
<msg timestamp="20231205 10:02:02.547" level="INFO">criteria is com.example.myapplication:id/flight_number
criteria is com.example.myapplication:id/flight_number</msg>
<status status="PASS" starttime="20231205 10:02:00.323" endtime="20231205 10:02:02.547"/>
</kw>
<kw name="Input Text" library="AppiumLibrary">
<arg>${valid-bookingId-input}</arg>
<arg>${valid-bookingId}</arg>
<doc>Types the given `text` into text field identified by `locator`.</doc>
<msg timestamp="20231205 10:02:02.550" level="INFO">Typing text 'DA935' into text field 'com.example.myapplication:id/flight_number'</msg>
<msg timestamp="20231205 10:02:02.709" level="INFO">criteria is com.example.myapplication:id/flight_number</msg>
<status status="PASS" starttime="20231205 10:02:02.547" endtime="20231205 10:02:02.709"/>
</kw>
<status status="PASS" starttime="20231205 10:02:00.322" endtime="20231205 10:02:02.709"/>
</kw>
<kw name="Click Button Search bookingId" library="searchTaskRossy">
<kw name="Click Element" library="AppiumLibrary">
<arg>${click-button-search}</arg>
<doc>Click element identified by `locator`.</doc>
<msg timestamp="20231205 10:02:02.713" level="INFO">Clicking element 'com.example.myapplication:id/searchFlight'.</msg>
<msg timestamp="20231205 10:02:03.274" level="INFO">criteria is com.example.myapplication:id/searchFlight</msg>
<status status="PASS" starttime="20231205 10:02:02.710" endtime="20231205 10:02:03.274"/>
</kw>
<status status="PASS" starttime="20231205 10:02:02.709" endtime="20231205 10:02:03.274"/>
</kw>
<kw name="Close Flight Application" library="base">
<kw name="Close Application" library="AppiumLibrary">
<doc>Closes the current application and also close webdriver session.</doc>
<status status="PASS" starttime="20231205 10:02:03.276" endtime="20231205 10:02:04.910"/>
</kw>
<status status="PASS" starttime="20231205 10:02:03.276" endtime="20231205 10:02:04.910"/>
</kw>
<status status="PASS" starttime="20231205 10:01:34.704" endtime="20231205 10:02:04.912"/>
</test>
<status status="PASS" starttime="20231205 10:01:34.333" endtime="20231205 10:02:04.915"/>
</suite>
<statistics>
<total>
<stat pass="1" fail="0" skip="0">All Tests</stat>
</total>
<tag>
</tag>
<suite>
<stat pass="1" fail="0" skip="0" id="s1" name="searchRossy">searchRossy</stat>
</suite>
</statistics>
<errors>
<msg timestamp="20231205 10:01:34.702" level="ERROR">Error in file 'C:\Users\yesdok\Desktop\Sanber51\Sanber51-MobileQA-Kelompok8\pageObjectRossy\searchTaskRossy.robot' on line 5: Error in file 'C:\Users\yesdok\Desktop\Sanber51\Sanber51-MobileQA-Kelompok8\suitesRossy\searchRossy.robot' on line 10: Resource file with 'Test Cases' section is invalid.</msg>
</errors>
</robot>
