<?xml version="1.0" encoding="UTF-8"?>
<robot generator="Robot 6.1.1 (Python 3.12.0 on win32)" generated="20231205 09:51:15.893" rpa="false" schemaversion="4">
<suite id="s1" name="searchRossy" source="c:\Users\yesdok\Desktop\Sanber51\Sanber51-MobileQA-Kelompok8\suitesRossy\searchRossy.robot">
<test id="s1-t1" name="Search Valid Booking ID" line="11">
<kw name="Open Flight Application" library="base">
<kw name="Open Application" library="AppiumLibrary">
<arg>remote_url=${remote_url}</arg>
<arg>platformName=${platformName}</arg>
<arg>platformVersion=${platformVersion}</arg>
<arg>deviceName=${deviceName}</arg>
<arg>udid=${udid}</arg>
<arg>appPackage=${appPackage}</arg>
<arg>appActivity=${appActivity}</arg>
<doc>Opens a new application to given Appium server.
Capabilities of appium server, Android and iOS,
Please check https://github.com/appium/appium/blob/master/docs/en/writing-running-appium/server-args.md
| *Option*            | *Man.* | *Description*     |
| remote_url          | Yes    | Appium server url |
| alias               | no     | alias             |
| strict_ssl          | No     | allows you to send commands to an invalid certificate host like a self-signed one. |</doc>
<status status="PASS" starttime="20231205 09:51:16.417" endtime="20231205 09:51:30.796"/>
</kw>
<status status="PASS" starttime="20231205 09:51:16.416" endtime="20231205 09:51:30.796"/>
</kw>
<kw name="Click Sign In button on Homepage" library="searchTaskRossy">
<kw name="Click Element" library="AppiumLibrary">
<arg>${sign-in-button}</arg>
<doc>Click element identified by `locator`.</doc>
<msg timestamp="20231205 09:51:30.805" level="INFO">Clicking element '//android.widget.Button[@resource-id="com.example.myapplication:id/login"]'.</msg>
<msg timestamp="20231205 09:51:32.945" level="INFO">xpath criteria: //android.widget.Button[@resource-id="com.example.myapplication:id/login"]</msg>
<status status="PASS" starttime="20231205 09:51:30.800" endtime="20231205 09:51:32.945"/>
</kw>
<status status="PASS" starttime="20231205 09:51:30.799" endtime="20231205 09:51:32.945"/>
</kw>
<kw name="Input Valid Username" library="searchTaskRossy">
<arg>${username}</arg>
<kw name="Wait Until Element Is Visible" library="AppiumLibrary">
<arg>${username-input}</arg>
<doc>Waits until element specified with `locator` is visible.</doc>
<msg timestamp="20231205 09:51:34.607" level="INFO">xpath criteria: //android.widget.EditText[@resource-id="com.example.myapplication:id/username"]
xpath criteria: //android.widget.EditText[@resource-id="com.example.myapplication:id/username"]</msg>
<status status="PASS" starttime="20231205 09:51:32.948" endtime="20231205 09:51:34.607"/>
</kw>
<kw name="Input Text" library="AppiumLibrary">
<arg>${username-input}</arg>
<arg>${username}</arg>
<doc>Types the given `text` into text field identified by `locator`.</doc>
<msg timestamp="20231205 09:51:34.611" level="INFO">Typing text 'support@ngendigital.com' into text field '//android.widget.EditText[@resource-id="com.example.myapplication:id/username"]'</msg>
<msg timestamp="20231205 09:51:34.850" level="INFO">xpath criteria: //android.widget.EditText[@resource-id="com.example.myapplication:id/username"]</msg>
<status status="PASS" starttime="20231205 09:51:34.607" endtime="20231205 09:51:34.850"/>
</kw>
<status status="PASS" starttime="20231205 09:51:32.947" endtime="20231205 09:51:34.851"/>
</kw>
<kw name="Input Valid Password" library="searchTaskRossy">
<arg>${password}</arg>
<kw name="Wait Until Element Is Visible" library="AppiumLibrary">
<arg>${password-input}</arg>
<doc>Waits until element specified with `locator` is visible.</doc>
<msg timestamp="20231205 09:51:35.343" level="INFO">xpath criteria: //android.widget.EditText[@resource-id="com.example.myapplication:id/password"]</msg>
<status status="PASS" starttime="20231205 09:51:34.858" endtime="20231205 09:51:35.344"/>
</kw>
<kw name="Input Text" library="AppiumLibrary">
<arg>${password-input}</arg>
<arg>${password}</arg>
<doc>Types the given `text` into text field identified by `locator`.</doc>
<msg timestamp="20231205 09:51:35.348" level="INFO">Typing text 'abc123' into text field '//android.widget.EditText[@resource-id="com.example.myapplication:id/password"]'</msg>
<msg timestamp="20231205 09:51:35.562" level="INFO">xpath criteria: //android.widget.EditText[@resource-id="com.example.myapplication:id/password"]</msg>
<status status="PASS" starttime="20231205 09:51:35.344" endtime="20231205 09:51:35.562"/>
</kw>
<status status="PASS" starttime="20231205 09:51:34.856" endtime="20231205 09:51:35.562"/>
</kw>
<kw name="Click Sign In button on Login Page" library="searchTaskRossy">
<kw name="Click Element" library="AppiumLibrary">
<arg>${user-start-signin}</arg>
<doc>Click element identified by `locator`.</doc>
<msg timestamp="20231205 09:51:35.571" level="INFO">Clicking element '//android.widget.Button[@resource-id="com.example.myapplication:id/signIn"]'.</msg>
<msg timestamp="20231205 09:51:36.282" level="INFO">xpath criteria: //android.widget.Button[@resource-id="com.example.myapplication:id/signIn"]</msg>
<status status="PASS" starttime="20231205 09:51:35.566" endtime="20231205 09:51:36.282"/>
</kw>
<status status="PASS" starttime="20231205 09:51:35.565" endtime="20231205 09:51:36.282"/>
</kw>
<kw name="Click Button Search" library="searchTaskRossy">
<kw name="Sleep" library="BuiltIn">
<arg>5s</arg>
<doc>Pauses the test executed for the given time.</doc>
<msg timestamp="20231205 09:51:41.295" level="INFO">Slept 5 seconds</msg>
<status status="PASS" starttime="20231205 09:51:36.294" endtime="20231205 09:51:41.295"/>
</kw>
<kw name="Click Element" library="AppiumLibrary">
<arg>${search-button}</arg>
<doc>Click element identified by `locator`.</doc>
<msg timestamp="20231205 09:51:41.298" level="INFO">Clicking element 'com.example.myapplication:id/search_flight'.</msg>
<msg timestamp="20231205 09:51:41.474" level="INFO">criteria is com.example.myapplication:id/search_flight</msg>
<status status="PASS" starttime="20231205 09:51:41.295" endtime="20231205 09:51:41.475"/>
</kw>
<status status="PASS" starttime="20231205 09:51:36.293" endtime="20231205 09:51:41.475"/>
</kw>
<kw name="Search Booking ID" library="searchTaskRossy">
<arg>${valid-bookingId}</arg>
<kw name="Wait Until Element Is Visible" library="AppiumLibrary">
<arg>${valid-bookingId-input}</arg>
<doc>Waits until element specified with `locator` is visible.</doc>
<msg timestamp="20231205 09:51:44.392" level="INFO">criteria is com.example.myapplication:id/flight_number
criteria is com.example.myapplication:id/flight_number</msg>
<status status="PASS" starttime="20231205 09:51:41.480" endtime="20231205 09:51:44.393"/>
</kw>
<kw name="Input Text" library="AppiumLibrary">
<arg>${valid-bookingId-input}</arg>
<arg>${valid-bookingId}</arg>
<doc>Types the given `text` into text field identified by `locator`.</doc>
<msg timestamp="20231205 09:51:44.396" level="INFO">Typing text 'DA935' into text field 'com.example.myapplication:id/flight_number'</msg>
<msg timestamp="20231205 09:51:44.590" level="INFO">criteria is com.example.myapplication:id/flight_number</msg>
<status status="PASS" starttime="20231205 09:51:44.393" endtime="20231205 09:51:44.590"/>
</kw>
<status status="PASS" starttime="20231205 09:51:41.479" endtime="20231205 09:51:44.591"/>
</kw>
<kw name="Click Button Search bookingId" library="searchTaskRossy">
<kw name="Click Element" library="AppiumLibrary">
<arg>${click-button-search}</arg>
<doc>Click element identified by `locator`.</doc>
<msg timestamp="20231205 09:51:44.597" level="INFO">Clicking element 'com.example.myapplication:id/searchFlight'.</msg>
<msg timestamp="20231205 09:51:45.175" level="INFO">criteria is com.example.myapplication:id/searchFlight</msg>
<status status="PASS" starttime="20231205 09:51:44.593" endtime="20231205 09:51:45.175"/>
</kw>
<status status="PASS" starttime="20231205 09:51:44.592" endtime="20231205 09:51:45.176"/>
</kw>
<kw name="Close Flight Application" library="base">
<kw name="Close Application" library="AppiumLibrary">
<doc>Closes the current application and also close webdriver session.</doc>
<status status="PASS" starttime="20231205 09:51:45.182" endtime="20231205 09:51:46.748"/>
</kw>
<status status="PASS" starttime="20231205 09:51:45.181" endtime="20231205 09:51:46.748"/>
</kw>
<status status="PASS" starttime="20231205 09:51:16.415" endtime="20231205 09:51:46.758"/>
</test>
<status status="PASS" starttime="20231205 09:51:15.903" endtime="20231205 09:51:46.765"/>
</suite>
<statistics>
<total>
<stat pass="1" fail="0" skip="0">All Tests</stat>
</total>
<tag>
</tag>
<suite>
<stat pass="1" fail="0" skip="0" id="s1" name="searchRossy">searchRossy</stat>
</suite>
</statistics>
<errors>
<msg timestamp="20231205 09:51:16.406" level="ERROR">Error in file 'c:\Users\yesdok\Desktop\Sanber51\Sanber51-MobileQA-Kelompok8\pageObjectRossy\searchTaskRossy.robot' on line 5: Error in file 'c:\Users\yesdok\Desktop\Sanber51\Sanber51-MobileQA-Kelompok8\suitesRossy\searchRossy.robot' on line 10: Resource file with 'Test Cases' section is invalid.</msg>
</errors>
</robot>
